<?xml version="1.0" encoding="UTF-8"?>
<!-- Generated by org.testng.reporters.JUnitReportReporter -->
<testsuite hostname="DESKTOP-PEN6T8A" failures="0" tests="1" name="org.rahulshetty1.eCommerce_tc_3" time="12.670" errors="0" timestamp="2024-12-05T09:42:00 IST" skipped="0">
  <testcase classname="org.rahulshetty1.eCommerce_tc_3" name="FillForm" time="12.670"/>
</testsuite> <!-- org.rahulshetty1.eCommerce_tc_3 -->
