<?xml version="1.0" encoding="UTF-8"?>
<!-- Generated by org.testng.reporters.JUnitReportReporter -->
<testsuite hostname="DESKTOP-PEN6T8A" failures="0" tests="1" name="org.rahulshetty1.eCommerce_tc_2" time="71.499" errors="0" timestamp="2025-02-04T13:57:58 IST" skipped="0">
  <testcase classname="org.rahulshetty1.eCommerce_tc_2" name="FillForm" time="71.499"/>
</testsuite> <!-- org.rahulshetty1.eCommerce_tc_2 -->
