<?xml version="1.0" encoding="UTF-8"?>
<!-- Generated by org.testng.reporters.JUnitReportReporter -->
<testsuite hostname="DESKTOP-PEN6T8A" failures="0" tests="3" name="org.rahulshetty1.eCommerce_tc_4_Hybrid" time="147.575" errors="0" timestamp="2025-02-04T15:09:42 IST" skipped="0">
  <testcase classname="org.rahulshetty1.eCommerce_tc_4_Hybrid" name="FillForm" time="47.638"/>
  <testcase classname="org.rahulshetty1.eCommerce_tc_4_Hybrid" name="FillForm" time="50.158"/>
  <testcase classname="org.rahulshetty1.eCommerce_tc_4_Hybrid" name="FillForm" time="49.779"/>
</testsuite> <!-- org.rahulshetty1.eCommerce_tc_4_Hybrid -->
